SF:lib/components/setting/divider.dart
DA:9,3
DA:16,6
DA:18,6
DA:20,6
DA:21,12
DA:22,12
DA:23,12
LF:7
LH:7
end_of_record
SF:lib/components/setting/number_input.dart
DA:13,7
DA:22,7
DA:24,7
DA:34,7
DA:36,7
DA:37,21
DA:40,2
DA:41,8
DA:42,4
DA:43,4
DA:45,8
DA:49,1
DA:50,4
DA:51,2
DA:52,2
DA:54,4
DA:58,7
DA:60,14
DA:61,12
DA:62,6
DA:65,6
DA:67,6
DA:68,3
DA:72,3
DA:77,7
DA:78,7
DA:79,7
DA:80,14
DA:89,7
DA:92,7
DA:93,7
DA:96,7
DA:98,7
DA:99,7
DA:101,7
DA:102,14
DA:111,7
DA:113,7
DA:116,7
DA:117,7
DA:119,7
DA:121,7
DA:125,7
DA:127,7
DA:129,7
LF:45
LH:45
end_of_record
SF:lib/components/timer/timer_display.dart
DA:8,3
DA:10,13
DA:12,26
DA:14,13
DA:16,13
DA:17,13
DA:19,13
DA:20,13
DA:43,13
DA:46,13
DA:49,13
DA:50,13
DA:51,13
DA:57,13
DA:60,13
DA:62,52
DA:65,26
DA:71,13
DA:73,13
DA:74,13
DA:75,65
DA:76,13
DA:78,13
DA:81,13
DA:85,13
DA:86,2
DA:87,2
DA:88,4
DA:90,8
DA:93,13
DA:95,13
DA:96,13
DA:98,13
DA:101,13
LF:34
LH:34
end_of_record
SF:lib/state/pomodoro_provider.dart
DA:10,72
DA:11,18
DA:33,23
DA:43,12
DA:52,12
DA:53,9
DA:54,7
DA:55,10
DA:56,12
DA:57,12
DA:58,12
DA:59,12
DA:60,12
DA:65,23
DA:66,46
DA:76,5
DA:77,11
DA:78,2
DA:79,1
DA:80,0
DA:81,0
DA:83,0
DA:88,3
DA:89,9
DA:90,12
DA:94,3
DA:95,9
DA:98,5
DA:99,25
DA:100,15
DA:103,8
DA:104,24
DA:106,8
DA:111,15
DA:112,60
DA:115,16
DA:116,48
DA:117,48
DA:118,16
DA:121,2
DA:122,6
DA:125,8
DA:127,8
DA:128,8
DA:129,6
DA:130,12
DA:131,3
DA:132,6
DA:134,0
DA:138,5
DA:139,15
DA:140,5
DA:141,5
DA:142,5
DA:143,5
DA:144,5
DA:145,15
DA:148,21
DA:150,25
DA:151,21
LF:60
LH:56
end_of_record
SF:lib/components/timer/timer_gearicon_button.dart
DA:6,3
DA:8,11
DA:10,11
DA:17,4
DA:18,4
LF:5
LH:5
end_of_record
SF:lib/screens/setting_screen.dart
DA:11,3
DA:13,6
DA:15,12
DA:16,18
DA:17,18
DA:18,12
DA:19,24
DA:21,6
DA:23,12
DA:24,12
DA:25,6
DA:30,6
DA:33,6
DA:34,6
DA:36,6
DA:47,6
DA:49,0
DA:50,0
DA:61,6
DA:63,2
DA:68,6
DA:71,6
DA:76,6
DA:77,6
DA:80,6
DA:81,6
DA:82,0
DA:83,0
DA:84,0
DA:86,6
DA:88,6
DA:89,6
DA:104,6
DA:105,6
DA:108,6
DA:109,12
DA:111,12
DA:113,12
DA:119,2
DA:120,2
DA:122,2
DA:123,4
DA:126,4
DA:129,4
DA:135,6
DA:138,6
DA:141,6
DA:147,6
DA:148,6
DA:151,2
DA:154,2
DA:160,2
DA:161,2
DA:166,6
DA:167,6
DA:169,6
DA:170,6
DA:175,6
DA:180,6
DA:186,6
DA:189,6
DA:192,6
DA:198,6
DA:201,2
DA:204,2
DA:210,2
DA:215,6
DA:216,6
DA:218,6
DA:219,6
DA:224,6
DA:229,6
DA:235,6
DA:237,6
DA:238,6
DA:239,6
DA:242,1
DA:243,1
DA:247,6
DA:253,12
DA:254,6
DA:255,0
DA:256,6
DA:261,6
DA:264,6
DA:266,12
DA:272,6
DA:274,6
DA:284,6
DA:286,6
DA:287,0
DA:288,6
DA:292,6
DA:295,6
DA:297,12
DA:303,6
DA:305,12
DA:313,4
DA:314,4
DA:316,4
LF:100
LH:93
end_of_record
SF:lib/components/timer/timer_mode_switch_ui.dart
DA:8,3
DA:10,11
DA:12,22
DA:13,33
DA:15,11
DA:16,11
DA:18,11
DA:22,11
DA:24,11
DA:25,11
DA:28,22
DA:29,0
DA:32,11
DA:35,22
DA:36,4
DA:39,11
DA:42,22
DA:43,2
DA:51,11
DA:58,11
DA:61,11
DA:63,11
DA:64,11
DA:67,11
DA:68,11
DA:71,11
DA:73,11
DA:76,11
LF:28
LH:27
end_of_record
SF:lib/screens/pomodoro_timer_screen.dart
DA:10,0
DA:12,10
LF:2
LH:1
end_of_record
SF:lib/state/local_settings_provider.dart
DA:6,16
DA:7,16
DA:8,16
DA:9,8
DA:10,8
DA:11,8
DA:12,8
DA:13,8
DA:14,8
DA:15,8
DA:27,12
DA:35,4
DA:41,4
DA:42,4
DA:43,2
DA:44,4
DA:45,4
DA:46,4
DA:51,9
DA:53,2
DA:54,6
DA:57,2
DA:58,6
DA:61,4
DA:63,4
DA:64,16
DA:66,1
DA:67,4
DA:69,1
DA:70,4
DA:75,7
DA:77,7
DA:79,7
DA:81,7
LF:34
LH:34
end_of_record
SF:lib/main.dart
DA:5,1
DA:6,1
DA:10,2
DA:12,2
LF:4
LH:4
end_of_record
